This is pdfTeX, Version 3.14159265-2.6-1.40.20 (TeX Live 2019/W32TeX) (preloaded format=pdflatex 2020.3.21)  17 APR 2020 22:56
entering extended mode
 \write18 enabled.
 file:line:error style messages enabled.
 %&-line parsing enabled.
**"e:/Downloads/서울대학교 싸강/알고리즘/2019-13674_양현서.tex"
(e:/Downloads/서울대학교 싸강/알고리즘/2019-13674_양현서.tex
LaTeX2e <2020-02-02> patch level 5
L3 programming layer <2020-02-25> (e:/Program Files/texlive/2019/texmf-dist/tex/latex/base/article.cls
Document Class: article 2019/12/20 v1.4l Standard LaTeX document class
(e:/Program Files/texlive/2019/texmf-dist/tex/latex/base/size10.clo
File: size10.clo 2019/12/20 v1.4l Standard LaTeX file (size option)
)
\c@part=\count167
\c@section=\count168
\c@subsection=\count169
\c@subsubsection=\count170
\c@paragraph=\count171
\c@subparagraph=\count172
\c@figure=\count173
\c@table=\count174
\abovecaptionskip=\skip47
\belowcaptionskip=\skip48
\bibindent=\dimen134
) (e:/Program Files/texlive/2019/texmf-dist/tex/latex/graphics/graphicx.sty
Package: graphicx 2019/11/30 v1.2a Enhanced LaTeX Graphics (DPC,SPQR)
 (e:/Program Files/texlive/2019/texmf-dist/tex/latex/graphics/keyval.sty
Package: keyval 2014/10/28 v1.15 key=value parser (DPC)
\KV@toks@=\toks15
) (e:/Program Files/texlive/2019/texmf-dist/tex/latex/graphics/graphics.sty
Package: graphics 2019/11/30 v1.4a Standard LaTeX Graphics (DPC,SPQR)
 (e:/Program Files/texlive/2019/texmf-dist/tex/latex/graphics/trig.sty
Package: trig 2016/01/03 v1.10 sin cos tan (DPC)
) (e:/Program Files/texlive/2019/texmf-dist/tex/latex/graphics-cfg/graphics.cfg
File: graphics.cfg 2016/06/04 v1.11 sample graphics configuration
)
Package graphics Info: Driver file: pdftex.def on input line 105.
 (e:/Program Files/texlive/2019/texmf-dist/tex/latex/graphics-def/pdftex.def
File: pdftex.def 2018/01/08 v1.0l Graphics/color driver for pdftex
))
\Gin@req@height=\dimen135
\Gin@req@width=\dimen136
) (e:/Program Files/texlive/2019/texmf-dist/tex/latex/cjk-ko/kotex.sty
Package: kotex 2015/04/19 v1.6 Korean TeX (ko.TeX)
 (e:/Program Files/texlive/2019/texmf-dist/tex/latex/kotex-utf/kotex.cfg) (e:/Program Files/texlive/2019/texmf-dist/tex/latex/kotex-utf/kotexutf.sty
Package: kotexutf 2015/07/18 v2.1.1 typesetting UTF-8 Korean documents
 (e:/Program Files/texlive/2019/texmf-dist/tex/latex/base/inputenc.sty
Package: inputenc 2018/08/11 v1.3c Input encoding file
\inpenc@prehook=\toks16
\inpenc@posthook=\toks17
) (e:/Program Files/texlive/2019/texmf-dist/tex/plain/kotex-plain/kotexutf-core.tex
\unih@ngulpoint=\count175
\dhucs@emph@raise=\dimen137
)
Now handling font encoding LUC ...
... processing UTF-8 mapping file for font encoding LUC
 (e:/Program Files/texlive/2019/texmf-dist/tex/latex/kotex-utf/lucenc.dfu
File: lucenc.dfu 2007/09/05 UTF-8 support for dhucs
   defining Unicode char U+00B7 (decimal 183)
   defining Unicode char U+2018 (decimal 8216)
   defining Unicode char U+2019 (decimal 8217)
   defining Unicode char U+201C (decimal 8220)
   defining Unicode char U+201D (decimal 8221)
   defining Unicode char U+3001 (decimal 12289)
   defining Unicode char U+3002 (decimal 12290)
   defining Unicode char U+3008 (decimal 12296)
   defining Unicode char U+3009 (decimal 12297)
   defining Unicode char U+300A (decimal 12298)
   defining Unicode char U+300B (decimal 12299)
   defining Unicode char U+300C (decimal 12300)
   defining Unicode char U+300D (decimal 12301)
   defining Unicode char U+300E (decimal 12302)
   defining Unicode char U+300F (decimal 12303)
   defining Unicode char U+3010 (decimal 12304)
   defining Unicode char U+3011 (decimal 12305)
   defining Unicode char U+3014 (decimal 12308)
   defining Unicode char U+3015 (decimal 12309)
   defining Unicode char U+3016 (decimal 12310)
   defining Unicode char U+3017 (decimal 12311)
   defining Unicode char U+3018 (decimal 12312)
   defining Unicode char U+3019 (decimal 12313)
   defining Unicode char U+301A (decimal 12314)
   defining Unicode char U+301B (decimal 12315)
   defining Unicode char U+FF01 (decimal 65281)
   defining Unicode char U+FF08 (decimal 65288)
   defining Unicode char U+FF09 (decimal 65289)
   defining Unicode char U+FF0C (decimal 65292)
   defining Unicode char U+FF0E (decimal 65294)
   defining Unicode char U+FF1A (decimal 65306)
   defining Unicode char U+FF1B (decimal 65307)
   defining Unicode char U+FF1C (decimal 65308)
   defining Unicode char U+FF1D (decimal 65309)
   defining Unicode char U+FF1E (decimal 65310)
   defining Unicode char U+FF1F (decimal 65311)
   defining Unicode char U+FF3B (decimal 65339)
   defining Unicode char U+FF3D (decimal 65341)
   defining Unicode char U+FF5B (decimal 65371)
   defining Unicode char U+FF5D (decimal 65373)
   defining Unicode char U+FF61 (decimal 65377)
   defining Unicode char U+FF62 (decimal 65378)
   defining Unicode char U+FF63 (decimal 65379)
   defining Unicode char U+FF64 (decimal 65380)
   defining Unicode char U+FF65 (decimal 65381)
)
\@josa=\count176
\josatoks=\toks18
 (e:/Program Files/texlive/2019/texmf-dist/tex/latex/cjk-ko/kolabels-utf.sty
Package: kolabels-utf 2015/03/20 v1.5 UTF-8 Hangul item labels
))) (e:/Program Files/texlive/2019/texmf-dist/tex/latex/lipsum/lipsum.sty (e:/Program Files/texlive/2019/texmf-dist/tex/latex/l3kernel/expl3.sty
Package: expl3 2020-02-25 L3 programming layer (loader) 
 (e:/Program Files/texlive/2019/texmf-dist/tex/latex/l3backend/l3backend-pdfmode.def
File: l3backend-pdfmode.def 2020-02-23 L3 backend support: PDF mode
\l__kernel_color_stack_int=\count177
\l__pdf_internal_box=\box45
)) (e:/Program Files/texlive/2019/texmf-dist/tex/latex/l3packages/xparse/xparse.sty
Package: xparse 2020-02-25 L3 Experimental document command parser
\l__xparse_current_arg_int=\count178
\g__xparse_grabber_int=\count179
\l__xparse_m_args_int=\count180
\l__xparse_v_nesting_int=\count181
)
Package: lipsum 2019/01/02 v2.2 150 paragraphs of Lorem Ipsum dummy text
 (e:/Program Files/texlive/2019/texmf-dist/tex/latex/lipsum/lipsum.ltd.tex
File: lipsum.ltd.tex 2019/01/02 v2.2 The Lorem ipsum dummy text
)) (e:/Program Files/texlive/2019/texmf-dist/tex/latex/listings/listings.sty
\lst@mode=\count182
\lst@gtempboxa=\box46
\lst@token=\toks19
\lst@length=\count183
\lst@currlwidth=\dimen138
\lst@column=\count184
\lst@pos=\count185
\lst@lostspace=\dimen139
\lst@width=\dimen140
\lst@newlines=\count186
\lst@lineno=\count187
\lst@maxwidth=\dimen141
 (e:/Program Files/texlive/2019/texmf-dist/tex/latex/listings/lstmisc.sty
File: lstmisc.sty 2019/09/10 1.8c (Carsten Heinz)
\c@lstnumber=\count188
\lst@skipnumbers=\count189
\lst@framebox=\box47
) (e:/Program Files/texlive/2019/texmf-dist/tex/latex/listings/listings.cfg
File: listings.cfg 2019/09/10 1.8c listings configuration
))
Package: listings 2019/09/10 1.8c (Carsten Heinz)
 (e:/Program Files/texlive/2019/texmf-dist/tex/latex/geometry/geometry.sty
Package: geometry 2020/01/02 v5.9 Page Geometry
 (e:/Program Files/texlive/2019/texmf-dist/tex/generic/iftex/ifvtex.sty
Package: ifvtex 2019/10/25 v1.7 ifvtex legacy package. Use iftex instead.
 (e:/Program Files/texlive/2019/texmf-dist/tex/generic/iftex/iftex.sty
Package: iftex 2019/11/07 v1.0c TeX engine tests
))
\Gm@cnth=\count190
\Gm@cntv=\count191
\c@Gm@tempcnt=\count192
\Gm@bindingoffset=\dimen142
\Gm@wd@mp=\dimen143
\Gm@odd@mp=\dimen144
\Gm@even@mp=\dimen145
\Gm@layoutwidth=\dimen146
\Gm@layoutheight=\dimen147
\Gm@layouthoffset=\dimen148
\Gm@layoutvoffset=\dimen149
\Gm@dimlist=\toks20
) (e:/Program Files/texlive/2019/texmf-dist/tex/latex/float/float.sty
Package: float 2001/11/08 v1.3d Float enhancements (AL)
\c@float@type=\count193
\float@exts=\toks21
\float@box=\box48
\@float@everytoks=\toks22
\@floatcapt=\box49
) (e:/Program Files/texlive/2019/texmf-dist/tex/latex/amsmath/amsmath.sty
Package: amsmath 2020/01/20 v2.17e AMS math features
\@mathmargin=\skip49

For additional information on amsmath, use the `?' option.
(e:/Program Files/texlive/2019/texmf-dist/tex/latex/amsmath/amstext.sty
Package: amstext 2000/06/29 v2.01 AMS text
 (e:/Program Files/texlive/2019/texmf-dist/tex/latex/amsmath/amsgen.sty
File: amsgen.sty 1999/11/30 v2.0 generic functions
\@emptytoks=\toks23
\ex@=\dimen150
)) (e:/Program Files/texlive/2019/texmf-dist/tex/latex/amsmath/amsbsy.sty
Package: amsbsy 1999/11/29 v1.2d Bold Symbols
\pmbraise@=\dimen151
) (e:/Program Files/texlive/2019/texmf-dist/tex/latex/amsmath/amsopn.sty
Package: amsopn 2016/03/08 v2.02 operator names
)
\inf@bad=\count194
LaTeX Info: Redefining \frac on input line 227.
\uproot@=\count195
\leftroot@=\count196
LaTeX Info: Redefining \overline on input line 389.
\classnum@=\count197
\DOTSCASE@=\count198
LaTeX Info: Redefining \ldots on input line 486.
LaTeX Info: Redefining \dots on input line 489.
LaTeX Info: Redefining \cdots on input line 610.
\Mathstrutbox@=\box50
\strutbox@=\box51
\big@size=\dimen152
LaTeX Font Info:    Redeclaring font encoding OML on input line 733.
LaTeX Font Info:    Redeclaring font encoding OMS on input line 734.
\macc@depth=\count199
\c@MaxMatrixCols=\count266
\dotsspace@=\muskip16
\c@parentequation=\count267
\dspbrk@lvl=\count268
\tag@help=\toks24
\row@=\count269
\column@=\count270
\maxfields@=\count271
\andhelp@=\toks25
\eqnshift@=\dimen153
\alignsep@=\dimen154
\tagshift@=\dimen155
\tagwidth@=\dimen156
\totwidth@=\dimen157
\lineht@=\dimen158
\@envbody=\toks26
\multlinegap=\skip50
\multlinetaggap=\skip51
\mathdisplay@stack=\toks27
LaTeX Info: Redefining \[ on input line 2859.
LaTeX Info: Redefining \] on input line 2860.
) (e:/Program Files/texlive/2019/texmf-dist/tex/latex/listings/lstlang1.sty
File: lstlang1.sty 2019/09/10 1.8c listings language file
) (e:/Program Files/texlive/2019/texmf-dist/tex/latex/listings/lstmisc.sty
File: lstmisc.sty 2019/09/10 1.8c (Carsten Heinz)
) (e:\Downloads\서울대학교 싸강\알고리즘/2019-13674_양현서.aux)
\openout1 = `2019-13674_양현서.aux'.

LaTeX Font Info:    Checking defaults for OML/cmm/m/it on input line 36.
LaTeX Font Info:    ... okay on input line 36.
LaTeX Font Info:    Checking defaults for OMS/cmsy/m/n on input line 36.
LaTeX Font Info:    ... okay on input line 36.
LaTeX Font Info:    Checking defaults for OT1/cmr/m/n on input line 36.
LaTeX Font Info:    ... okay on input line 36.
LaTeX Font Info:    Checking defaults for T1/cmr/m/n on input line 36.
LaTeX Font Info:    ... okay on input line 36.
LaTeX Font Info:    Checking defaults for TS1/cmr/m/n on input line 36.
LaTeX Font Info:    ... okay on input line 36.
LaTeX Font Info:    Checking defaults for OMX/cmex/m/n on input line 36.
LaTeX Font Info:    ... okay on input line 36.
LaTeX Font Info:    Checking defaults for U/cmr/m/n on input line 36.
LaTeX Font Info:    ... okay on input line 36.
LaTeX Font Info:    Checking defaults for LUC/nanummj/m/n on input line 36.
LaTeX Font Info:    Trying to load font information for LUC+nanummj on input line 36.
 (e:/Program Files/texlive/2019/texmf-dist/tex/latex/nanumtype1/lucnanummj.fd
File: lucnanummj.fd 2013/02/12 v0.1 Nanum Myeongjo font definitions
)
LaTeX Font Info:    ... okay on input line 36.
 (e:/Program Files/texlive/2019/texmf-dist/tex/context/base/mkii/supp-pdf.mkii
[Loading MPS to PDF converter (version 2006.09.02).]
\scratchcounter=\count272
\scratchdimen=\dimen159
\scratchbox=\box52
\nofMPsegments=\count273
\nofMParguments=\count274
\everyMPshowfont=\toks28
\MPscratchCnt=\count275
\MPscratchDim=\dimen160
\MPnumerator=\count276
\makeMPintoPDFobject=\count277
\everyMPtoPDFconversion=\toks29
) (e:/Program Files/texlive/2019/texmf-dist/tex/latex/epstopdf-pkg/epstopdf-base.sty
Package: epstopdf-base 2020-01-24 v2.11 Base part for package epstopdf
 (e:/Program Files/texlive/2019/texmf-dist/tex/generic/infwarerr/infwarerr.sty
Package: infwarerr 2019/12/03 v1.5 Providing info/warning/error messages (HO)
) (e:/Program Files/texlive/2019/texmf-dist/tex/latex/grfext/grfext.sty
Package: grfext 2019/12/03 v1.3 Manage graphics extensions (HO)
 (e:/Program Files/texlive/2019/texmf-dist/tex/generic/kvdefinekeys/kvdefinekeys.sty
Package: kvdefinekeys 2019-12-19 v1.6 Define keys (HO)
)) (e:/Program Files/texlive/2019/texmf-dist/tex/latex/kvoptions/kvoptions.sty
Package: kvoptions 2019/11/29 v3.13 Key value format for package options (HO)
 (e:/Program Files/texlive/2019/texmf-dist/tex/generic/ltxcmds/ltxcmds.sty
Package: ltxcmds 2019/12/15 v1.24 LaTeX kernel commands for general use (HO)
) (e:/Program Files/texlive/2019/texmf-dist/tex/generic/kvsetkeys/kvsetkeys.sty
Package: kvsetkeys 2019/12/15 v1.18 Key value parser (HO)
)) (e:/Program Files/texlive/2019/texmf-dist/tex/latex/pdftexcmds/pdftexcmds.sty
Package: pdftexcmds 2019/11/24 v0.31 Utility functions of pdfTeX for LuaTeX (HO)
Package pdftexcmds Info: \pdf@primitive is available.
Package pdftexcmds Info: \pdf@ifprimitive is available.
Package pdftexcmds Info: \pdfdraftmode found.
)
Package epstopdf-base Info: Redefining graphics rule for `.eps' on input line 485.
Package grfext Info: Graphics extension search list:
(grfext)             [.pdf,.png,.jpg,.mps,.jpeg,.jbig2,.jb2,.PDF,.PNG,.JPG,.JPEG,.JBIG2,.JB2,.eps]
(grfext)             \AppendGraphicsExtensions on input line 504.
 (e:/Program Files/texlive/2019/texmf-dist/tex/latex/latexconfig/epstopdf-sys.cfg
File: epstopdf-sys.cfg 2010/07/13 v1.3 Configuration of (r)epstopdf for TeX Live
))
\c@lstlisting=\count278

*geometry* driver: auto-detecting
*geometry* detected driver: pdftex
*geometry* verbose mode - [ preamble ] result:
* driver: pdftex
* paper: a4paper
* layout: <same size as paper>
* layoutoffset:(h,v)=(0.0pt,0.0pt)
* modes: 
* h-part:(L,W,R)=(81.94394pt, 433.62pt, 81.94394pt)
* v-part:(T,H,B)=(106.75473pt, 578.15999pt, 160.13213pt)
* \paperwidth=597.50787pt
* \paperheight=845.04684pt
* \textwidth=433.62pt
* \textheight=578.15999pt
* \oddsidemargin=9.67395pt
* \evensidemargin=9.67395pt
* \topmargin=-2.51526pt
* \headheight=12.0pt
* \headsep=25.0pt
* \topskip=10.0pt
* \footskip=30.0pt
* \marginparwidth=65.0pt
* \marginparsep=11.0pt
* \columnsep=10.0pt
* \skip\footins=9.0pt plus 4.0pt minus 2.0pt
* \hoffset=0.0pt
* \voffset=0.0pt
* \mag=1000
* \@twocolumnfalse
* \@twosidefalse
* \@mparswitchfalse
* \@reversemarginfalse
* (1in=72.27pt=25.4mm, 1cm=28.453pt)

[1

{e:/Program Files/texlive/2019/texmf-var/fonts/map/pdftex/updmap/pdftex.map}]
LaTeX Font Info:    Font shape `OT1/cmtt/bx/n' in size <9> not available
(Font)              Font shape `OT1/cmtt/m/n' tried instead on input line 99.
 [2] [3] [4] (e:\Downloads\서울대학교 싸강\알고리즘/2019-13674_양현서.aux) ) 
Here is how much of TeX's memory you used:
 5256 strings out of 480994
 85189 string characters out of 5909156
 625164 words of memory out of 5000000
 20618 multiletter control sequences out of 15000+600000
 560547 words of font info for 122 fonts, out of 8000000 for 9000
 1141 hyphenation exceptions out of 8191
 35i,8n,51p,574b,676s stack positions out of 5000i,500n,10000p,200000b,80000s
<e:/Program Files/texlive/2019/texmf-dist/fonts/type1/public/amsfonts/cm/cmbx12.pfb><e:/Program Files/texlive/2019/texmf-dist/fonts/type1/public/amsfonts/cm/cmex10.pfb><e:/Program Files/texlive/2019/texmf-dist/fonts/type1/public/amsfonts/cm/cmmi10.pfb><e:/Program Files/texlive/2019/texmf-dist/fonts/type1/public/amsfonts/cm/cmmi12.pfb><e:/Program Files/texlive/2019/texmf-dist/fonts/type1/public/amsfonts/cm/cmmi7.pfb><e:/Program Files/texlive/2019/texmf-dist/fonts/type1/public/amsfonts/cm/cmr10.pfb><e:/Program Files/texlive/2019/texmf-dist/fonts/type1/public/amsfonts/cm/cmr12.pfb><e:/Program Files/texlive/2019/texmf-dist/fonts/type1/public/amsfonts/cm/cmr17.pfb><e:/Program Files/texlive/2019/texmf-dist/fonts/type1/public/amsfonts/cm/cmr5.pfb><e:/Program Files/texlive/2019/texmf-dist/fonts/type1/public/amsfonts/cm/cmr7.pfb><e:/Program Files/texlive/2019/texmf-dist/fonts/type1/public/amsfonts/cm/cmr8.pfb><e:/Program Files/texlive/2019/texmf-dist/fonts/type1/public/amsfonts/cm/cmsy10.pfb><e:/Program Files/texlive/2019/texmf-dist/fonts/type1/public/amsfonts/cm/cmsy7.pfb><e:/Program Files/texlive/2019/texmf-dist/fonts/type1/public/amsfonts/cm/cmtt9.pfb><e:/Program Files/texlive/2019/texmf-dist/fonts/type1/public/nanumtype1/nanummjbac.pfb><e:/Program Files/texlive/2019/texmf-dist/fonts/type1/public/nanumtype1/nanummjbad.pfb><e:/Program Files/texlive/2019/texmf-dist/fonts/type1/public/nanumtype1/nanummjbae.pfb><e:/Program Files/texlive/2019/texmf-dist/fonts/type1/public/nanumtype1/nanummjbb0.pfb><e:/Program Files/texlive/2019/texmf-dist/fonts/type1/public/nanumtype1/nanummjbb1.pfb><e:/Program Files/texlive/2019/texmf-dist/fonts/type1/public/nanumtype1/nanummjbb2.pfb><e:/Program Files/texlive/2019/texmf-dist/fonts/type1/public/nanumtype1/nanummjbb3.pfb><e:/Program Files/texlive/2019/texmf-dist/fonts/type1/public/nanumtype1/nanummjbb4.pfb><e:/Program Files/texlive/2019/texmf-dist/fonts/type1/public/nanumtype1/nanummjbb7.pfb><e:/Program Files/texlive/2019/texmf-dist/fonts/type1/public/nanumtype1/nanummjbb8.pfb><e:/Program Files/texlive/2019/texmf-dist/fonts/type1/public/nanumtype1/nanummjbb9.pfb><e:/Program Files/texlive/2019/texmf-dist/fonts/type1/public/nanumtype1/nanummjbba.pfb><e:/Program Files/texlive/2019/texmf-dist/fonts/type1/public/nanumtype1/nanummjbbb.pfb><e:/Program Files/texlive/2019/texmf-dist/fonts/type1/public/nanumtype1/nanummjbbc.pfb><e:/Program Files/texlive/2019/texmf-dist/fonts/type1/public/nanumtype1/nanummjbbd.pfb><e:/Program Files/texlive/2019/texmf-dist/fonts/type1/public/nanumtype1/nanummjbc0.pfb><e:/Program Files/texlive/2019/texmf-dist/fonts/type1/public/nanumtype1/nanummjbc1.pfb><e:/Program Files/texlive/2019/texmf-dist/fonts/type1/public/nanumtype1/nanummjbc2.pfb><e:/Program Files/texlive/2019/texmf-dist/fonts/type1/public/nanumtype1/nanummjbc5.pfb><e:/Program Files/texlive/2019/texmf-dist/fonts/type1/public/nanumtype1/nanummjbc6.pfb><e:/Program Files/texlive/2019/texmf-dist/fonts/type1/public/nanumtype1/nanummjbc7.pfb><e:/Program Files/texlive/2019/texmf-dist/fonts/type1/public/nanumtype1/nanummjbc8.pfb><e:/Program Files/texlive/2019/texmf-dist/fonts/type1/public/nanumtype1/nanummjbc9.pfb><e:/Program Files/texlive/2019/texmf-dist/fonts/type1/public/nanumtype1/nanummjbcd.pfb><e:/Program Files/texlive/2019/texmf-dist/fonts/type1/public/nanumtype1/nanummjbd0.pfb><e:/Program Files/texlive/2019/texmf-dist/fonts/type1/public/nanumtype1/nanummjbd3.pfb><e:/Program Files/texlive/2019/texmf-dist/fonts/type1/public/nanumtype1/nanummjbd5.pfb><e:/Program Files/texlive/2019/texmf-dist/fonts/type1/public/nanumtype1/nanummjbd6.pfb><e:/Program Files/texlive/2019/texmf-dist/fonts/type1/public/nanumtype1/nanummjbd7.pfb><e:/Program Files/texlive/2019/texmf-dist/fonts/type1/public/nanumtype1/nanummjmac.pfb><e:/Program Files/texlive/2019/texmf-dist/fonts/type1/public/nanumtype1/nanummjmad.pfb><e:/Program Files/texlive/2019/texmf-dist/fonts/type1/public/nanumtype1/nanummjmae.pfb><e:/Program Files/texlive/2019/texmf-dist/fonts/type1/public/nanumtype1/nanummjmb0.pfb><e:/Program Files/texlive/2019/texmf-dist/fonts/type1/public/nanumtype1/nanummjmb2.pfb><e:/Program Files/texlive/2019/texmf-dist/fonts/type1/public/nanumtype1/nanummjmb3.pfb><e:/Program Files/texlive/2019/texmf-dist/fonts/type1/public/nanumtype1/nanummjmb4.pfb><e:/Program Files/texlive/2019/texmf-dist/fonts/type1/public/nanumtype1/nanummjmb5.pfb><e:/Program Files/texlive/2019/texmf-dist/fonts/type1/public/nanumtype1/nanummjmb6.pfb><e:/Program Files/texlive/2019/texmf-dist/fonts/type1/public/nanumtype1/nanummjmb7.pfb><e:/Program Files/texlive/2019/texmf-dist/fonts/type1/public/nanumtype1/nanummjmb8.pfb><e:/Program Files/texlive/2019/texmf-dist/fonts/type1/public/nanumtype1/nanummjmb9.pfb><e:/Program Files/texlive/2019/texmf-dist/fonts/type1/public/nanumtype1/nanummjmba.pfb><e:/Program Files/texlive/2019/texmf-dist/fonts/type1/public/nanumtype1/nanummjmbb.pfb><e:/Program Files/texlive/2019/texmf-dist/fonts/type1/public/nanumtype1/nanummjmbc.pfb><e:/Program Files/texlive/2019/texmf-dist/fonts/type1/public/nanumtype1/nanummjmbd.pfb><e:/Program Files/texlive/2019/texmf-dist/fonts/type1/public/nanumtype1/nanummjmbe.pfb><e:/Program Files/texlive/2019/texmf-dist/fonts/type1/public/nanumtype1/nanummjmc0.pfb><e:/Program Files/texlive/2019/texmf-dist/fonts/type1/public/nanumtype1/nanummjmc1.pfb><e:/Program Files/texlive/2019/texmf-dist/fonts/type1/public/nanumtype1/nanummjmc2.pfb><e:/Program Files/texlive/2019/texmf-dist/fonts/type1/public/nanumtype1/nanummjmc5.pfb><e:/Program Files/texlive/2019/texmf-dist/fonts/type1/public/nanumtype1/nanummjmc6.pfb><e:/Program Files/texlive/2019/texmf-dist/fonts/type1/public/nanumtype1/nanummjmc7.pfb><e:/Program Files/texlive/2019/texmf-dist/fonts/type1/public/nanumtype1/nanummjmc8.pfb><e:/Program Files/texlive/2019/texmf-dist/fonts/type1/public/nanumtype1/nanummjmc9.pfb><e:/Program Files/texlive/2019/texmf-dist/fonts/type1/public/nanumtype1/nanummjmcd.pfb><e:/Program Files/texlive/2019/texmf-dist/fonts/type1/public/nanumtype1/nanummjmce.pfb><e:/Program Files/texlive/2019/texmf-dist/fonts/type1/public/nanumtype1/nanummjmd0.pfb><e:/Program Files/texlive/2019/texmf-dist/fonts/type1/public/nanumtype1/nanummjmd1.pfb><e:/Program Files/texlive/2019/texmf-dist/fonts/type1/public/nanumtype1/nanummjmd2.pfb><e:/Program Files/texlive/2019/texmf-dist/fonts/type1/public/nanumtype1/nanummjmd5.pfb><e:/Program Files/texlive/2019/texmf-dist/fonts/type1/public/nanumtype1/nanummjmd6.pfb><e:/Program Files/texlive/2019/texmf-dist/fonts/type1/public/nanumtype1/nanummjmd7.pfb>
Output written on "e:\Downloads\서울대학교 싸강\알고리즘/2019-13674_양현서.pdf" (4 pages, 2674443 bytes).
PDF statistics:
 323 PDF objects out of 1000 (max. 8388607)
 238 compressed objects within 3 object streams
 0 named destinations out of 1000 (max. 500000)
 1 words of extra memory for PDF output out of 10000 (max. 10000000)

